06.05.2013 17:30
at Method : AppStartup (Main)
Starting service mode for 




******************************************************************


06.05.2013 17:30
at Method : AppStartup (Main)
It is not an error. This message used for tracking of app's startup only.




******************************************************************


06.05.2013 18:46
at Method : AppStartup (Main)
It is not an error. This message used for tracking of app's exit only.




******************************************************************


06.05.2013 18:46
at Method : AppStartup (Main)
Starting service mode for 




******************************************************************


06.05.2013 18:46
at Method : AppStartup (Main)
It is not an error. This message used for tracking of app's startup only.




******************************************************************


06.05.2013 22:10
at Method : AppStartup (Main)
It is not an error. This message used for tracking of app's exit only.




******************************************************************


06.05.2013 22:15
at Method : AppStartup (Main)
Starting service mode for 




******************************************************************


06.05.2013 22:15
at Method : AppStartup (Main)
It is not an error. This message used for tracking of app's startup only.




******************************************************************


06.05.2013 22:50
at Method : AppStartup (Main)
It is not an error. This message used for tracking of app's exit only.




******************************************************************


06.05.2013 22:51
at Method : AppStartup (Main)
Starting service mode for 




******************************************************************


06.05.2013 22:51
at Method : AppStartup (Main)
It is not an error. This message used for tracking of app's startup only.




******************************************************************


06.05.2013 22:58
at Method : AppStartup (Main)
It is not an error. This message used for tracking of app's exit only.




******************************************************************


