29.07.2013 22:20
at Method : AppStartup (Main)
Starting service mode for 




******************************************************************


29.07.2013 22:20
at Method : AppStartup (Main)
It is not an error. This message used for tracking of app's startup only.




******************************************************************


29.07.2013 23:02
at Method : AppStartup (Main)
Starting service mode for 




******************************************************************


29.07.2013 23:02
at Method : AppStartup (Main)
It is not an error. This message used for tracking of app's startup only.




******************************************************************


29.07.2013 23:29
at Method : AppStartup (Main)
It is not an error. This message used for tracking of app's exit only.




******************************************************************


