11.05.2013 13:35
at Method : AppStartup (Main)
Starting service mode for 




******************************************************************


11.05.2013 13:35
at Method : AppStartup (Main)
It is not an error. This message used for tracking of app's startup only.




******************************************************************


11.05.2013 13:41
at Method : AppStartup (Main)
It is not an error. This message used for tracking of app's exit only.




******************************************************************


11.05.2013 17:48
at Method : LoadData
Object reference not set to an instance of an object.
   at driver.Config.ConfigManager._loadNormalConfig() in D:\My Development\GitHub\desktop\dotnet\PayDeskSolution\driver\Config\ConfigManager.cs:line 164

driver

******************************************************************


11.05.2013 17:49
at Method : LoadData
Object reference not set to an instance of an object.
   at driver.Config.ConfigManager._loadNormalConfig() in D:\My Development\GitHub\desktop\dotnet\PayDeskSolution\driver\Config\ConfigManager.cs:line 164

driver

******************************************************************


11.05.2013 17:50
at Method : LoadData
Object reference not set to an instance of an object.
   at driver.Config.ConfigManager._loadNormalConfig()

driver

******************************************************************


11.05.2013 17:53
at Method : AppStartup (Main)
Starting service mode for 




******************************************************************


11.05.2013 17:53
at Method : AppStartup (Main)
It is not an error. This message used for tracking of app's startup only.




******************************************************************


11.05.2013 17:53
at Method : AppStartup (Main)
It is not an error. This message used for tracking of app's exit only.




******************************************************************


11.05.2013 17:54
at Method : LoadData
Object reference not set to an instance of an object.
   at driver.Config.ConfigManager._loadNormalConfig() in D:\My Development\GitHub\desktop\dotnet\PayDeskSolution\driver\Config\ConfigManager.cs:line 168

driver

******************************************************************


11.05.2013 17:55
at Method : AppStartup (Main)
Starting service mode for 




******************************************************************


11.05.2013 17:55
at Method : AppStartup (Main)
It is not an error. This message used for tracking of app's startup only.




******************************************************************


11.05.2013 17:55
at Method : AppStartup (Main)
It is not an error. This message used for tracking of app's exit only.




******************************************************************


11.05.2013 19:17
at Method : AppStartup (Main)
Starting service mode for 




******************************************************************


11.05.2013 19:17
at Method : AppStartup (Main)
It is not an error. This message used for tracking of app's startup only.




******************************************************************


11.05.2013 19:18
at Method : AppStartup (Main)
It is not an error. This message used for tracking of app's exit only.




******************************************************************


